<?xml version="1.0" encoding="UTF-8"?><testsuite errors="0" failures="0" name="flujo de compras" skipped="4" tests="4" time="54.58" timestamp="2021-02-03 10:39:30"><testcase name="como usuario quiero ingresar con mi usuario"><skipped/></testcase><testcase name="como usuario quiero validar que busque la blusa"><skipped/></testcase><testcase name="como usuario quiero agregar carrito el producto de verano"><skipped/></testcase><testcase name="como usuario quiero comprobar todas mis ordenes"><skipped/></testcase></testsuite>